Command,Sell,Item,"Monday, August 15, 2022 at 3:22:17 PM Central European Summer Time","VegaMissyl",64,GOLD_INGOT,,"VegaMissyl",6720.0,money,€,"World",28,200,16,0,
Command,Sell,Item,"Monday, August 15, 2022 at 3:25:03 PM Central European Summer Time","VegaMissyl",16,GOLD_INGOT,,"VegaMissyl",1680.0,money,€,"World",90,74,65,6656.0,
Command,Sell,Item,"Monday, August 15, 2022 at 3:26:00 PM Central European Summer Time","VegaMissyl",64,GOLD_BLOCK,,"VegaMissyl",28800.0,money,€,"World",99,77,58,8336.0,
Command,Sell,Item,"dimanĉo, 21-a de aŭgusto 2022 16-a horo kaj 1:11 Central European Summer Time","eureur7",32,GOLD_INGOT,,"eureur7",32.0,money,€,"World",717,73,-206,0,
Command,Sell,Item,"dimanĉo, 21-a de aŭgusto 2022 16-a horo kaj 3:08 Central European Summer Time","eureur7",1472,GOLD_INGOT,,"eureur7",1472.0,money,€,"World",725,70,-205,0.0,
Command,Sell,Item,"dimanĉo, 21-a de aŭgusto 2022 16-a horo kaj 9:26 Central European Summer Time","eureur7",1,GOLD_BLOCK,,"eureur7",9.0,money,€,"World",727,83,-158,0.0,
Command,Sell,Item,"dimanĉo, 21-a de aŭgusto 2022 16-a horo kaj 16:31 Central European Summer Time","eureur7",1,STONE,,"eureur7",1.0E+11,money,€,"World",723,83,-153,9.0,
Command,Sell,Item,"dimanĉo, 21-a de aŭgusto 2022 17-a horo kaj 36:40 Central European Summer Time","PetitMulot",64,GOLD_BLOCK,,"PetitMulot",576.0,money,€,"World",748,64,-196,0,
Command,Pay,Player,"dimanĉo, 21-a de aŭgusto 2022 17-a horo kaj 37:25 Central European Summer Time","PetitMulot",1,money,€,"eureur7",1,money,€,"World",747,64,-195,511.0,
Command,Sell,Item,"dimanĉo, 21-a de aŭgusto 2022 20-a horo kaj 5:27 Central European Summer Time","PetitMulot",64,GOLD_BLOCK,,"PetitMulot",576.0,money,€,"World",423,66,-118,0,
Command,Sell,Item,"Friday, September 2, 2022 at 8:32:50 AM Central European Summer Time","Hydrolien",56,GOLD_INGOT,,"Hydrolien",56.0,money,€,"World",205,63,-460,0,
Command,Sell,Item,"Saturday, September 3, 2022 at 10:00:15 AM Central European Summer Time","PetitMulot",2,GOLD_INGOT,,"PetitMulot",2.0,money,€,"World",89,88,-299,0,
Command,Pay,Player,"Saturday, September 3, 2022 at 10:02:01 AM Central European Summer Time","PetitMulot",1,money,€,"PetitMulot",1,money,€,"World",112,88,-291,2.0,
Command,Pay,Player,"Saturday, September 3, 2022 at 10:02:05 AM Central European Summer Time","PetitMulot",1,money,€,"PetitMulot",1,money,€,"World",112,88,-291,2.0,
Command,Sell,Item,"Saturday, September 3, 2022 at 10:11:30 AM Central European Summer Time","PetitMulot",62,GOLD_INGOT,,"PetitMulot",62.0,money,€,"World",148,88,-278,2.0,
Command,Sell,Item,"Saturday, September 3, 2022 at 10:20:03 AM Central European Summer Time","PetitMulot",64,GOLD_BLOCK,,"PetitMulot",576.0,money,€,"World",237,88,-246,0.0,
Command,Sell,Item,"Monday, September 12, 2022 at 1:51:14 PM Central European Summer Time","VegaMissyl",64,GOLD_INGOT,,"VegaMissyl",64.0,money,€,"World",111,66,-25,0,
Command,Sell,Item,"Monday, September 12, 2022 at 1:52:11 PM Central European Summer Time","VegaMissyl",64,GOLD_INGOT,,"VegaMissyl",64.0,money,€,"World",112,65,-23,64.0,
Command,Sell,Item,"Monday, September 12, 2022 at 1:52:12 PM Central European Summer Time","VegaMissyl",64,GOLD_INGOT,,"VegaMissyl",64.0,money,€,"World",112,65,-23,128.0,
Command,Pay,Player,"Monday, September 12, 2022 at 1:52:44 PM Central European Summer Time","VegaMissyl",64,money,€,"kyfien",64,money,€,"World",112,65,-23,128.0,
Command,Sell,Item,"Monday, September 12, 2022 at 2:22:12 PM Central European Summer Time","Hydrolien",2,GOLD_INGOT,,"Hydrolien",2.0,money,€,"World",287,79,-187,56.0,
Command,Sell,Item,"Monday, September 12, 2022 at 2:22:48 PM Central European Summer Time","Hydrolien",1,GOLD_INGOT,,"Hydrolien",1.0,money,€,"World",287,79,-187,58.0,
Command,Pay,Player,"Monday, September 12, 2022 at 2:22:58 PM Central European Summer Time","Hydrolien",3,money,€,"VegaMissyl",3,money,€,"World",288,77,-192,56.0,
Command,Pay,Player,"Monday, September 12, 2022 at 2:23:01 PM Central European Summer Time","Hydrolien",1,money,€,"VegaMissyl",1,money,€,"World",283,77,-192,55.0,
Command,Pay,Player,"Monday, September 12, 2022 at 2:23:03 PM Central European Summer Time","Hydrolien",1,money,€,"VegaMissyl",1,money,€,"World",280,77,-192,54.0,
Command,Pay,Player,"Monday, September 12, 2022 at 2:23:03 PM Central European Summer Time","Hydrolien",1,money,€,"VegaMissyl",1,money,€,"World",280,77,-192,53.0,
Command,Pay,Player,"Monday, September 12, 2022 at 2:23:04 PM Central European Summer Time","Hydrolien",1,money,€,"VegaMissyl",1,money,€,"World",280,77,-192,52.0,
Command,Pay,Player,"Monday, September 12, 2022 at 2:23:05 PM Central European Summer Time","Hydrolien",1,money,€,"VegaMissyl",1,money,€,"World",280,77,-192,51.0,
Command,Sell,Item,"Monday, September 12, 2022 at 2:23:09 PM Central European Summer Time","kyfien",1,GOLD_INGOT,,"kyfien",1.0,money,€,"World",294,81,-176,0.0,
Command,Pay,Player,"Monday, September 12, 2022 at 2:23:16 PM Central European Summer Time","Hydrolien",51,money,€,"VegaMissyl",51,money,€,"World",280,77,-192,0.0,
Command,Pay,Player,"Monday, September 12, 2022 at 2:23:23 PM Central European Summer Time","kyfien",1,money,€,"VegaMissyl",1,money,€,"World",294,80,-178,0.0,
Command,Sell,Item,"Monday, September 12, 2022 at 2:58:57 PM Central European Summer Time","Hydrolien",43,GOLD_INGOT,,"Hydrolien",43.0,money,€,"World",318,56,-314,0.0,
Command,Sell,Item,"Monday, September 12, 2022 at 3:15:09 PM Central European Summer Time","Hydrolien",23,GOLD_INGOT,,"Hydrolien",23.0,money,€,"World",319,56,-315,43.0,
Command,Sell,Item,"Monday, September 12, 2022 at 3:16:56 PM Central European Summer Time","VegaMissyl",64,GOLD_INGOT,,"VegaMissyl",64.0,money,€,"World",-711,93,-311,60.0,
Command,Sell,Item,"Monday, September 12, 2022 at 3:16:57 PM Central European Summer Time","VegaMissyl",64,GOLD_INGOT,,"VegaMissyl",64.0,money,€,"World",-711,93,-311,124.0,
Command,Sell,Item,"Monday, September 12, 2022 at 3:17:31 PM Central European Summer Time","Hydrolien",23,GOLD_INGOT,,"Hydrolien",23.0,money,€,"World",318,56,-314,66.0,
Command,Sell,Item,"Monday, September 12, 2022 at 9:52:39 PM Central European Summer Time","kyfien",46,GOLD_INGOT,,"kyfien",46.0,money,€,"World",-367,-50,4,0.0,
Command,Sell,Item,"Monday, September 12, 2022 at 9:53:02 PM Central European Summer Time","kyfien",19,GOLD_INGOT,,"kyfien",19.0,money,€,"World",-367,-50,4,46.0,
Command,Sell,Item,"Monday, September 12, 2022 at 9:56:21 PM Central European Summer Time","kyfien",84,GOLD_INGOT,,"kyfien",84.0,money,€,"World",-367,-50,3,1.0,
Command,Sell,Item,"Monday, September 12, 2022 at 10:15:32 PM Central European Summer Time","kyfien",15,GOLD_INGOT,,"kyfien",15.0,money,€,"World",-488,-32,12,21.0,
Command,Sell,Item,"Monday, September 12, 2022 at 11:37:58 PM Central European Summer Time","kyfien",60,GOLD_INGOT,,"kyfien",60.0,money,€,"World",-487,-40,21,4.0,
Command,Sell,Item,"Monday, September 12, 2022 at 11:48:20 PM Central European Summer Time","kyfien",227,GOLD_INGOT,,"kyfien",227.0,money,€,"World",-486,-40,21,64.0,
Command,Sell,Item,"Monday, September 12, 2022 at 11:52:04 PM Central European Summer Time","kyfien",320,GOLD_INGOT,,"kyfien",320.0,money,€,"World",-487,-40,21,57.0,
